<?xml version="1.0" encoding="UTF-8"?>
<testng-results skipped="0" failed="3" total="11" passed="8">
  <reporter-output>
  </reporter-output>
  <suite name="Default suite" duration-ms="430801" started-at="2014-08-13T19:13:46Z" finished-at="2014-08-13T19:20:57Z">
    <groups>
    </groups>
    <test name="Default test" duration-ms="430801" started-at="2014-08-13T19:13:46Z" finished-at="2014-08-13T19:20:57Z">
      <class name="com.provar.test.Login">
        <test-method status="PASS" signature="Start()[pri:0, instance:com.provar.test.Login@4fbc7b65]" name="Start" is-config="true" duration-ms="12206" started-at="2014-08-14T00:43:46Z" finished-at="2014-08-14T00:43:59Z">
          <reporter-output>
          </reporter-output>
        </test-method> <!-- Start -->
        <test-method status="PASS" signature="setup()[pri:0, instance:com.provar.test.Login@4fbc7b65]" name="setup" duration-ms="440" started-at="2014-08-14T00:43:59Z" finished-at="2014-08-14T00:43:59Z">
          <reporter-output>
          </reporter-output>
        </test-method> <!-- setup -->
        <test-method status="PASS" signature="teardown()[pri:0, instance:com.provar.test.Login@4fbc7b65]" name="teardown" is-config="true" duration-ms="457" started-at="2014-08-14T00:43:59Z" finished-at="2014-08-14T00:43:59Z">
          <reporter-output>
          </reporter-output>
        </test-method> <!-- teardown -->
        <test-method status="PASS" signature="Start()[pri:0, instance:com.provar.test.Login@4fbc7b65]" name="Start" is-config="true" duration-ms="9895" started-at="2014-08-14T00:43:59Z" finished-at="2014-08-14T00:44:09Z">
          <reporter-output>
          </reporter-output>
        </test-method> <!-- Start -->
        <test-method status="FAIL" signature="Account()[pri:0, instance:com.provar.test.Login@4fbc7b65]" name="Account" duration-ms="44143" started-at="2014-08-14T00:44:09Z" finished-at="2014-08-14T00:44:53Z">
          <exception class="org.openqa.selenium.NoSuchElementException">
            <message>
              <![CDATA[Unable to locate element: {"method":"xpath","selector":"//ul[@id='tabBar']/li/a[text()='Account']"}
Command duration or timeout: 10.09 seconds
For documentation on this error, please visit: http://seleniumhq.org/exceptions/no_such_element.html
Build info: version: '2.40.0', revision: 'fbe29a9', time: '2014-02-19 20:54:28'
System info: host: 'Lenovo-PC', ip: '192.168.1.3', os.name: 'Windows 8', os.arch: 'amd64', os.version: '6.2', java.version: '1.7.0_07'
Session ID: dc007d90-a1e3-4879-bd7b-31b92412516b
Driver info: org.openqa.selenium.firefox.FirefoxDriver
Capabilities [{platform=XP, databaseEnabled=true, cssSelectorsEnabled=true, javascriptEnabled=true, acceptSslCerts=true, handlesAlerts=true, browserName=firefox, webStorageEnabled=true, nativeEvents=false, rotatable=false, locationContextEnabled=true, applicationCacheEnabled=true, takesScreenshot=true, version=31.0}]]]>
            </message>
            <full-stacktrace>
              <![CDATA[org.openqa.selenium.NoSuchElementException: Unable to locate element: {"method":"xpath","selector":"//ul[@id='tabBar']/li/a[text()='Account']"}
Command duration or timeout: 10.09 seconds
For documentation on this error, please visit: http://seleniumhq.org/exceptions/no_such_element.html
Build info: version: '2.40.0', revision: 'fbe29a9', time: '2014-02-19 20:54:28'
System info: host: 'Lenovo-PC', ip: '192.168.1.3', os.name: 'Windows 8', os.arch: 'amd64', os.version: '6.2', java.version: '1.7.0_07'
Session ID: dc007d90-a1e3-4879-bd7b-31b92412516b
Driver info: org.openqa.selenium.firefox.FirefoxDriver
Capabilities [{platform=XP, databaseEnabled=true, cssSelectorsEnabled=true, javascriptEnabled=true, acceptSslCerts=true, handlesAlerts=true, browserName=firefox, webStorageEnabled=true, nativeEvents=false, rotatable=false, locationContextEnabled=true, applicationCacheEnabled=true, takesScreenshot=true, version=31.0}]
	at sun.reflect.NativeConstructorAccessorImpl.newInstance0(Native Method)
	at sun.reflect.NativeConstructorAccessorImpl.newInstance(Unknown Source)
	at sun.reflect.DelegatingConstructorAccessorImpl.newInstance(Unknown Source)
	at java.lang.reflect.Constructor.newInstance(Unknown Source)
	at org.openqa.selenium.remote.ErrorHandler.createThrowable(ErrorHandler.java:193)
	at org.openqa.selenium.remote.ErrorHandler.throwIfResponseFailed(ErrorHandler.java:145)
	at org.openqa.selenium.remote.RemoteWebDriver.execute(RemoteWebDriver.java:573)
	at org.openqa.selenium.remote.RemoteWebDriver.findElement(RemoteWebDriver.java:326)
	at org.openqa.selenium.remote.RemoteWebDriver.findElementByXPath(RemoteWebDriver.java:423)
	at org.openqa.selenium.By$ByXPath.findElement(By.java:357)
	at org.openqa.selenium.remote.RemoteWebDriver.findElement(RemoteWebDriver.java:318)
	at com.provar.test.Login.Account(Login.java:205)
	at sun.reflect.NativeMethodAccessorImpl.invoke0(Native Method)
	at sun.reflect.NativeMethodAccessorImpl.invoke(Unknown Source)
	at sun.reflect.DelegatingMethodAccessorImpl.invoke(Unknown Source)
	at java.lang.reflect.Method.invoke(Unknown Source)
	at org.testng.internal.MethodInvocationHelper.invokeMethod(MethodInvocationHelper.java:80)
	at org.testng.internal.Invoker.invokeMethod(Invoker.java:714)
	at org.testng.internal.Invoker.invokeTestMethod(Invoker.java:901)
	at org.testng.internal.Invoker.invokeTestMethods(Invoker.java:1231)
	at org.testng.internal.TestMethodWorker.invokeTestMethods(TestMethodWorker.java:128)
	at org.testng.internal.TestMethodWorker.run(TestMethodWorker.java:111)
	at org.testng.TestRunner.privateRun(TestRunner.java:767)
	at org.testng.TestRunner.run(TestRunner.java:617)
	at org.testng.SuiteRunner.runTest(SuiteRunner.java:334)
	at org.testng.SuiteRunner.runSequentially(SuiteRunner.java:329)
	at org.testng.SuiteRunner.privateRun(SuiteRunner.java:291)
	at org.testng.SuiteRunner.run(SuiteRunner.java:240)
	at org.testng.SuiteRunnerWorker.runSuite(SuiteRunnerWorker.java:52)
	at org.testng.SuiteRunnerWorker.run(SuiteRunnerWorker.java:86)
	at org.testng.TestNG.runSuitesSequentially(TestNG.java:1203)
	at org.testng.TestNG.runSuitesLocally(TestNG.java:1128)
	at org.testng.TestNG.run(TestNG.java:1036)
	at org.testng.remote.RemoteTestNG.run(RemoteTestNG.java:111)
	at org.testng.remote.RemoteTestNG.initAndRun(RemoteTestNG.java:204)
	at org.testng.remote.RemoteTestNG.main(RemoteTestNG.java:175)
Caused by: org.openqa.selenium.remote.ErrorHandler$UnknownServerException: Unable to locate element: {"method":"xpath","selector":"//ul[@id='tabBar']/li/a[text()='Account']"}
Build info: version: '2.40.0', revision: 'fbe29a9', time: '2014-02-19 20:54:28'
System info: host: 'Lenovo-PC', ip: '192.168.1.3', os.name: 'Windows 8', os.arch: 'amd64', os.version: '6.2', java.version: '1.7.0_07'
Driver info: driver.version: unknown
	at <anonymous class>.FirefoxDriver.prototype.findElementInternal_(file:///C:/Users/TukTuk/AppData/Local/Temp/anonymous6028243160998261847webdriver-profile/extensions/fxdriver@googlecode.com/components/driver_component.js:8904:133)
	at <anonymous class>.fxdriver.Timer.prototype.setTimeout/<.notify(file:///C:/Users/TukTuk/AppData/Local/Temp/anonymous6028243160998261847webdriver-profile/extensions/fxdriver@googlecode.com/components/driver_component.js:396:5)
]]>
            </full-stacktrace>
          </exception> <!-- org.openqa.selenium.NoSuchElementException -->
          <reporter-output>
          </reporter-output>
        </test-method> <!-- Account -->
        <test-method status="PASS" signature="teardown()[pri:0, instance:com.provar.test.Login@4fbc7b65]" name="teardown" is-config="true" duration-ms="495" started-at="2014-08-14T00:44:53Z" finished-at="2014-08-14T00:44:54Z">
          <reporter-output>
          </reporter-output>
        </test-method> <!-- teardown -->
        <test-method status="PASS" signature="Start()[pri:0, instance:com.provar.test.Login@4fbc7b65]" name="Start" is-config="true" duration-ms="11638" started-at="2014-08-14T00:44:54Z" finished-at="2014-08-14T00:45:06Z">
          <reporter-output>
          </reporter-output>
        </test-method> <!-- Start -->
        <test-method status="PASS" signature="ForgotPass()[pri:0, instance:com.provar.test.Login@4fbc7b65]" name="ForgotPass" duration-ms="2443" started-at="2014-08-14T00:45:06Z" finished-at="2014-08-14T00:45:08Z">
          <reporter-output>
          </reporter-output>
        </test-method> <!-- ForgotPass -->
        <test-method status="PASS" signature="teardown()[pri:0, instance:com.provar.test.Login@4fbc7b65]" name="teardown" is-config="true" duration-ms="431" started-at="2014-08-14T00:45:08Z" finished-at="2014-08-14T00:45:08Z">
          <reporter-output>
          </reporter-output>
        </test-method> <!-- teardown -->
        <test-method status="PASS" signature="Start()[pri:0, instance:com.provar.test.Login@4fbc7b65]" name="Start" is-config="true" duration-ms="12386" started-at="2014-08-14T00:45:08Z" finished-at="2014-08-14T00:45:21Z">
          <reporter-output>
          </reporter-output>
        </test-method> <!-- Start -->
        <test-method status="PASS" signature="ForgotPassInvalid()[pri:0, instance:com.provar.test.Login@4fbc7b65]" name="ForgotPassInvalid" duration-ms="3837" started-at="2014-08-14T00:45:21Z" finished-at="2014-08-14T00:45:25Z">
          <reporter-output>
          </reporter-output>
        </test-method> <!-- ForgotPassInvalid -->
        <test-method status="PASS" signature="teardown()[pri:0, instance:com.provar.test.Login@4fbc7b65]" name="teardown" is-config="true" duration-ms="410" started-at="2014-08-14T00:45:25Z" finished-at="2014-08-14T00:45:25Z">
          <reporter-output>
          </reporter-output>
        </test-method> <!-- teardown -->
        <test-method status="PASS" signature="Start()[pri:0, instance:com.provar.test.Login@4fbc7b65]" name="Start" is-config="true" duration-ms="8833" started-at="2014-08-14T00:45:25Z" finished-at="2014-08-14T00:45:34Z">
          <reporter-output>
          </reporter-output>
        </test-method> <!-- Start -->
        <test-method status="PASS" signature="Invaliduserpassword()[pri:0, instance:com.provar.test.Login@4fbc7b65]" name="Invaliduserpassword" duration-ms="5427" started-at="2014-08-14T00:45:34Z" finished-at="2014-08-14T00:45:39Z">
          <reporter-output>
          </reporter-output>
        </test-method> <!-- Invaliduserpassword -->
        <test-method status="PASS" signature="teardown()[pri:0, instance:com.provar.test.Login@4fbc7b65]" name="teardown" is-config="true" duration-ms="457" started-at="2014-08-14T00:45:39Z" finished-at="2014-08-14T00:45:40Z">
          <reporter-output>
          </reporter-output>
        </test-method> <!-- teardown -->
        <test-method status="PASS" signature="Start()[pri:0, instance:com.provar.test.Login@4fbc7b65]" name="Start" is-config="true" duration-ms="9848" started-at="2014-08-14T00:45:40Z" finished-at="2014-08-14T00:45:50Z">
          <reporter-output>
          </reporter-output>
        </test-method> <!-- Start -->
        <test-method status="PASS" signature="SignUpPlaceholders()[pri:0, instance:com.provar.test.Login@4fbc7b65]" name="SignUpPlaceholders" duration-ms="32196" started-at="2014-08-14T00:45:50Z" finished-at="2014-08-14T00:46:22Z">
          <reporter-output>
          </reporter-output>
        </test-method> <!-- SignUpPlaceholders -->
        <test-method status="PASS" signature="teardown()[pri:0, instance:com.provar.test.Login@4fbc7b65]" name="teardown" is-config="true" duration-ms="420" started-at="2014-08-14T00:46:22Z" finished-at="2014-08-14T00:46:22Z">
          <reporter-output>
          </reporter-output>
        </test-method> <!-- teardown -->
        <test-method status="PASS" signature="Start()[pri:0, instance:com.provar.test.Login@4fbc7b65]" name="Start" is-config="true" duration-ms="11285" started-at="2014-08-14T00:46:22Z" finished-at="2014-08-14T00:46:34Z">
          <reporter-output>
          </reporter-output>
        </test-method> <!-- Start -->
        <test-method status="PASS" signature="SigninWithGoogle()[pri:0, instance:com.provar.test.Login@4fbc7b65]" name="SigninWithGoogle" duration-ms="38774" started-at="2014-08-14T00:46:34Z" finished-at="2014-08-14T00:47:12Z">
          <reporter-output>
          </reporter-output>
        </test-method> <!-- SigninWithGoogle -->
        <test-method status="PASS" signature="teardown()[pri:0, instance:com.provar.test.Login@4fbc7b65]" name="teardown" is-config="true" duration-ms="494" started-at="2014-08-14T00:47:12Z" finished-at="2014-08-14T00:47:13Z">
          <reporter-output>
          </reporter-output>
        </test-method> <!-- teardown -->
        <test-method status="PASS" signature="Start()[pri:0, instance:com.provar.test.Login@4fbc7b65]" name="Start" is-config="true" duration-ms="10656" started-at="2014-08-14T00:47:13Z" finished-at="2014-08-14T00:47:24Z">
          <reporter-output>
          </reporter-output>
        </test-method> <!-- Start -->
        <test-method status="FAIL" signature="app()[pri:0, instance:com.provar.test.Login@4fbc7b65]" name="app" duration-ms="97785" started-at="2014-08-14T00:47:24Z" finished-at="2014-08-14T00:49:01Z">
          <exception class="org.openqa.selenium.NoSuchElementException">
            <message>
              <![CDATA[Unable to locate element: {"method":"link text","selector":"Sales"}
Command duration or timeout: 11.60 seconds
For documentation on this error, please visit: http://seleniumhq.org/exceptions/no_such_element.html
Build info: version: '2.40.0', revision: 'fbe29a9', time: '2014-02-19 20:54:28'
System info: host: 'Lenovo-PC', ip: '192.168.1.3', os.name: 'Windows 8', os.arch: 'amd64', os.version: '6.2', java.version: '1.7.0_07'
Session ID: d617298a-dee1-45b6-97fe-913e3d867abf
Driver info: org.openqa.selenium.firefox.FirefoxDriver
Capabilities [{platform=XP, databaseEnabled=true, cssSelectorsEnabled=true, javascriptEnabled=true, acceptSslCerts=true, handlesAlerts=true, browserName=firefox, webStorageEnabled=true, nativeEvents=false, rotatable=false, locationContextEnabled=true, applicationCacheEnabled=true, takesScreenshot=true, version=31.0}]]]>
            </message>
            <full-stacktrace>
              <![CDATA[org.openqa.selenium.NoSuchElementException: Unable to locate element: {"method":"link text","selector":"Sales"}
Command duration or timeout: 11.60 seconds
For documentation on this error, please visit: http://seleniumhq.org/exceptions/no_such_element.html
Build info: version: '2.40.0', revision: 'fbe29a9', time: '2014-02-19 20:54:28'
System info: host: 'Lenovo-PC', ip: '192.168.1.3', os.name: 'Windows 8', os.arch: 'amd64', os.version: '6.2', java.version: '1.7.0_07'
Session ID: d617298a-dee1-45b6-97fe-913e3d867abf
Driver info: org.openqa.selenium.firefox.FirefoxDriver
Capabilities [{platform=XP, databaseEnabled=true, cssSelectorsEnabled=true, javascriptEnabled=true, acceptSslCerts=true, handlesAlerts=true, browserName=firefox, webStorageEnabled=true, nativeEvents=false, rotatable=false, locationContextEnabled=true, applicationCacheEnabled=true, takesScreenshot=true, version=31.0}]
	at sun.reflect.NativeConstructorAccessorImpl.newInstance0(Native Method)
	at sun.reflect.NativeConstructorAccessorImpl.newInstance(Unknown Source)
	at sun.reflect.DelegatingConstructorAccessorImpl.newInstance(Unknown Source)
	at java.lang.reflect.Constructor.newInstance(Unknown Source)
	at org.openqa.selenium.remote.ErrorHandler.createThrowable(ErrorHandler.java:193)
	at org.openqa.selenium.remote.ErrorHandler.throwIfResponseFailed(ErrorHandler.java:145)
	at org.openqa.selenium.remote.RemoteWebDriver.execute(RemoteWebDriver.java:573)
	at org.openqa.selenium.remote.RemoteWebDriver.findElement(RemoteWebDriver.java:326)
	at org.openqa.selenium.remote.RemoteWebDriver.findElementByLinkText(RemoteWebDriver.java:375)
	at org.openqa.selenium.By$ByLinkText.findElement(By.java:242)
	at org.openqa.selenium.remote.RemoteWebDriver.findElement(RemoteWebDriver.java:318)
	at com.provar.test.Login.app(Login.java:199)
	at sun.reflect.NativeMethodAccessorImpl.invoke0(Native Method)
	at sun.reflect.NativeMethodAccessorImpl.invoke(Unknown Source)
	at sun.reflect.DelegatingMethodAccessorImpl.invoke(Unknown Source)
	at java.lang.reflect.Method.invoke(Unknown Source)
	at org.testng.internal.MethodInvocationHelper.invokeMethod(MethodInvocationHelper.java:80)
	at org.testng.internal.Invoker.invokeMethod(Invoker.java:714)
	at org.testng.internal.Invoker.invokeTestMethod(Invoker.java:901)
	at org.testng.internal.Invoker.invokeTestMethods(Invoker.java:1231)
	at org.testng.internal.TestMethodWorker.invokeTestMethods(TestMethodWorker.java:128)
	at org.testng.internal.TestMethodWorker.run(TestMethodWorker.java:111)
	at org.testng.TestRunner.privateRun(TestRunner.java:767)
	at org.testng.TestRunner.run(TestRunner.java:617)
	at org.testng.SuiteRunner.runTest(SuiteRunner.java:334)
	at org.testng.SuiteRunner.runSequentially(SuiteRunner.java:329)
	at org.testng.SuiteRunner.privateRun(SuiteRunner.java:291)
	at org.testng.SuiteRunner.run(SuiteRunner.java:240)
	at org.testng.SuiteRunnerWorker.runSuite(SuiteRunnerWorker.java:52)
	at org.testng.SuiteRunnerWorker.run(SuiteRunnerWorker.java:86)
	at org.testng.TestNG.runSuitesSequentially(TestNG.java:1203)
	at org.testng.TestNG.runSuitesLocally(TestNG.java:1128)
	at org.testng.TestNG.run(TestNG.java:1036)
	at org.testng.remote.RemoteTestNG.run(RemoteTestNG.java:111)
	at org.testng.remote.RemoteTestNG.initAndRun(RemoteTestNG.java:204)
	at org.testng.remote.RemoteTestNG.main(RemoteTestNG.java:175)
Caused by: org.openqa.selenium.remote.ErrorHandler$UnknownServerException: Unable to locate element: {"method":"link text","selector":"Sales"}
Build info: version: '2.40.0', revision: 'fbe29a9', time: '2014-02-19 20:54:28'
System info: host: 'Lenovo-PC', ip: '192.168.1.3', os.name: 'Windows 8', os.arch: 'amd64', os.version: '6.2', java.version: '1.7.0_07'
Driver info: driver.version: unknown
	at <anonymous class>.FirefoxDriver.prototype.findElementInternal_(file:///C:/Users/TukTuk/AppData/Local/Temp/anonymous675071081261015044webdriver-profile/extensions/fxdriver@googlecode.com/components/driver_component.js:8904:133)
	at <anonymous class>.fxdriver.Timer.prototype.setTimeout/<.notify(file:///C:/Users/TukTuk/AppData/Local/Temp/anonymous675071081261015044webdriver-profile/extensions/fxdriver@googlecode.com/components/driver_component.js:396:5)
]]>
            </full-stacktrace>
          </exception> <!-- org.openqa.selenium.NoSuchElementException -->
          <reporter-output>
          </reporter-output>
        </test-method> <!-- app -->
        <test-method status="PASS" signature="teardown()[pri:0, instance:com.provar.test.Login@4fbc7b65]" name="teardown" is-config="true" duration-ms="526" started-at="2014-08-14T00:49:01Z" finished-at="2014-08-14T00:49:02Z">
          <reporter-output>
          </reporter-output>
        </test-method> <!-- teardown -->
        <test-method status="PASS" signature="Start()[pri:0, instance:com.provar.test.Login@4fbc7b65]" name="Start" is-config="true" duration-ms="11027" started-at="2014-08-14T00:49:02Z" finished-at="2014-08-14T00:49:13Z">
          <reporter-output>
          </reporter-output>
        </test-method> <!-- Start -->
        <test-method status="PASS" signature="validLogin()[pri:0, instance:com.provar.test.Login@4fbc7b65]" name="validLogin" duration-ms="26799" started-at="2014-08-14T00:49:13Z" finished-at="2014-08-14T00:49:40Z">
          <reporter-output>
          </reporter-output>
        </test-method> <!-- validLogin -->
        <test-method status="PASS" signature="teardown()[pri:0, instance:com.provar.test.Login@4fbc7b65]" name="teardown" is-config="true" duration-ms="535" started-at="2014-08-14T00:49:40Z" finished-at="2014-08-14T00:49:40Z">
          <reporter-output>
          </reporter-output>
        </test-method> <!-- teardown -->
        <test-method status="PASS" signature="Start()[pri:0, instance:com.provar.test.Login@4fbc7b65]" name="Start" is-config="true" duration-ms="12065" started-at="2014-08-14T00:49:40Z" finished-at="2014-08-14T00:49:52Z">
          <reporter-output>
          </reporter-output>
        </test-method> <!-- Start -->
        <test-method status="FAIL" signature="ValidSignUp()[pri:0, instance:com.provar.test.Login@4fbc7b65]" name="ValidSignUp" duration-ms="26458" started-at="2014-08-14T00:49:52Z" finished-at="2014-08-14T00:50:19Z">
          <exception class="java.lang.AssertionError">
            <message>
              <![CDATA[expected [Free Trial - Salesforce 30-Day - Salesforce.coms] but found [Free Trial - Salesforce 30-Day - Salesforce.com]]]>
            </message>
            <full-stacktrace>
              <![CDATA[java.lang.AssertionError: expected [Free Trial - Salesforce 30-Day - Salesforce.coms] but found [Free Trial - Salesforce 30-Day - Salesforce.com]
	at org.testng.Assert.fail(Assert.java:94)
	at org.testng.Assert.failNotEquals(Assert.java:494)
	at org.testng.Assert.assertEquals(Assert.java:123)
	at org.testng.Assert.assertEquals(Assert.java:176)
	at org.testng.Assert.assertEquals(Assert.java:186)
	at com.provar.test.Login.ValidSignUp(Login.java:99)
	at sun.reflect.NativeMethodAccessorImpl.invoke0(Native Method)
	at sun.reflect.NativeMethodAccessorImpl.invoke(Unknown Source)
	at sun.reflect.DelegatingMethodAccessorImpl.invoke(Unknown Source)
	at java.lang.reflect.Method.invoke(Unknown Source)
	at org.testng.internal.MethodInvocationHelper.invokeMethod(MethodInvocationHelper.java:80)
	at org.testng.internal.Invoker.invokeMethod(Invoker.java:714)
	at org.testng.internal.Invoker.invokeTestMethod(Invoker.java:901)
	at org.testng.internal.Invoker.invokeTestMethods(Invoker.java:1231)
	at org.testng.internal.TestMethodWorker.invokeTestMethods(TestMethodWorker.java:128)
	at org.testng.internal.TestMethodWorker.run(TestMethodWorker.java:111)
	at org.testng.TestRunner.privateRun(TestRunner.java:767)
	at org.testng.TestRunner.run(TestRunner.java:617)
	at org.testng.SuiteRunner.runTest(SuiteRunner.java:334)
	at org.testng.SuiteRunner.runSequentially(SuiteRunner.java:329)
	at org.testng.SuiteRunner.privateRun(SuiteRunner.java:291)
	at org.testng.SuiteRunner.run(SuiteRunner.java:240)
	at org.testng.SuiteRunnerWorker.runSuite(SuiteRunnerWorker.java:52)
	at org.testng.SuiteRunnerWorker.run(SuiteRunnerWorker.java:86)
	at org.testng.TestNG.runSuitesSequentially(TestNG.java:1203)
	at org.testng.TestNG.runSuitesLocally(TestNG.java:1128)
	at org.testng.TestNG.run(TestNG.java:1036)
	at org.testng.remote.RemoteTestNG.run(RemoteTestNG.java:111)
	at org.testng.remote.RemoteTestNG.initAndRun(RemoteTestNG.java:204)
	at org.testng.remote.RemoteTestNG.main(RemoteTestNG.java:175)
]]>
            </full-stacktrace>
          </exception> <!-- java.lang.AssertionError -->
          <reporter-output>
          </reporter-output>
        </test-method> <!-- ValidSignUp -->
        <test-method status="PASS" signature="teardown()[pri:0, instance:com.provar.test.Login@4fbc7b65]" name="teardown" is-config="true" duration-ms="481" started-at="2014-08-14T00:50:19Z" finished-at="2014-08-14T00:50:19Z">
          <reporter-output>
          </reporter-output>
        </test-method> <!-- teardown -->
        <test-method status="PASS" signature="Start()[pri:0, instance:com.provar.test.Login@4fbc7b65]" name="Start" is-config="true" duration-ms="8747" started-at="2014-08-14T00:50:19Z" finished-at="2014-08-14T00:50:28Z">
          <reporter-output>
          </reporter-output>
        </test-method> <!-- Start -->
        <test-method status="PASS" signature="SignUpError()[pri:0, instance:com.provar.test.Login@4fbc7b65]" name="SignUpError" duration-ms="28702" started-at="2014-08-14T00:50:28Z" finished-at="2014-08-14T00:50:57Z">
          <reporter-output>
          </reporter-output>
        </test-method> <!-- SignUpError -->
        <test-method status="PASS" signature="teardown()[pri:0, instance:com.provar.test.Login@4fbc7b65]" name="teardown" is-config="true" duration-ms="444" started-at="2014-08-14T00:50:57Z" finished-at="2014-08-14T00:50:57Z">
          <reporter-output>
          </reporter-output>
        </test-method> <!-- teardown -->
      </class> <!-- com.provar.test.Login -->
    </test> <!-- Default test -->
  </suite> <!-- Default suite -->
</testng-results>
